[96.000000, 92.000000]
[96.000000, 108.000000]
[104.000000, 108.000000]
[104.000000, 92.000000]
[105.000000, 92.000000]
[105.000000, 108.000000]
[113.000000, 108.000000]
[113.000000, 92.000000]
[114.000000, 92.000000]
[114.000000, 108.000000]
[122.000000, 108.000000]
[122.000000, 92.000000]
[123.000000, 92.000000]
[123.000000, 108.000000]
[131.000000, 108.000000]
[131.000000, 92.000000]
[132.000000, 92.000000]
[132.000000, 108.000000]
[140.000000, 108.000000]
[140.000000, 92.000000]
[141.000000, 92.000000]
[141.000000, 108.000000]
[149.000000, 108.000000]
[149.000000, 92.000000]
[150.000000, 92.000000]
[150.000000, 108.000000]
[158.000000, 108.000000]
[158.000000, 92.000000]
[159.000000, 92.000000]
[159.000000, 108.000000]
[167.000000, 108.000000]
[167.000000, 92.000000]
[168.000000, 92.000000]
[168.000000, 108.000000]
[176.000000, 108.000000]
[176.000000, 92.000000]
[177.000000, 92.000000]
[177.000000, 108.000000]
[185.000000, 108.000000]
[185.000000, 92.000000]
[186.000000, 92.000000]
[186.000000, 108.000000]
[194.000000, 108.000000]
[194.000000, 92.000000]
[195.000000, 92.000000]
[195.000000, 108.000000]
[203.000000, 108.000000]
[203.000000, 92.000000]
[204.000000, 92.000000]
[204.000000, 108.000000]
[212.000000, 108.000000]
[212.000000, 92.000000]
